Performing C++ SOURCE FILE Test CMAKE_HAVE_LIBC_PTHREAD failed with the following output:
Change Dir: /home/eugeniyrudykh/Sharaga/tmp/spdlog_main/build/arm64-v8a/CMakeFiles/CMakeTmp

Run Build Command(s):/usr/bin/make cmTC_9d528/fast && /usr/bin/make  -f CMakeFiles/cmTC_9d528.dir/build.make CMakeFiles/cmTC_9d528.dir/build
make[1]: вход в каталог «/home/eugeniyrudykh/Sharaga/tmp/spdlog_main/build/arm64-v8a/CMakeFiles/CMakeTmp»
Building CXX object CMakeFiles/cmTC_9d528.dir/src.cxx.o
/home/eugeniyrudykh/Android/Sdk/ndk/21.4.7075529/toolchains/llvm/prebuilt/linux-x86_64/bin/clang++ --target=aarch64-none-linux-android21 --gcc-toolchain=/home/eugeniyrudykh/Android/Sdk/ndk/21.4.7075529/toolchains/llvm/prebuilt/linux-x86_64 --sysroot=/home/eugeniyrudykh/Android/Sdk/ndk/21.4.7075529/toolchains/llvm/prebuilt/linux-x86_64/sysroot   -g -DANDROID -fdata-sections -ffunction-sections -funwind-tables -fstack-protector-strong -no-canonical-prefixes -D_FORTIFY_SOURCE=2 -Wformat -Werror=format-security  -DSPDLOG_COMPILED_LIB -DCMAKE_HAVE_LIBC_PTHREAD -fPIE -std=c++11 -o CMakeFiles/cmTC_9d528.dir/src.cxx.o -c /home/eugeniyrudykh/Sharaga/tmp/spdlog_main/build/arm64-v8a/CMakeFiles/CMakeTmp/src.cxx
/home/eugeniyrudykh/Sharaga/tmp/spdlog_main/build/arm64-v8a/CMakeFiles/CMakeTmp/src.cxx:13:3: error: use of undeclared identifier 'pthread_cancel'
  pthread_cancel(thread);
  ^
1 error generated.
make[1]: *** [CMakeFiles/cmTC_9d528.dir/build.make:85: CMakeFiles/cmTC_9d528.dir/src.cxx.o] Ошибка 1
make[1]: выход из каталога «/home/eugeniyrudykh/Sharaga/tmp/spdlog_main/build/arm64-v8a/CMakeFiles/CMakeTmp»
make: *** [Makefile:140: cmTC_9d528/fast] Ошибка 2


Source file was:
#include <pthread.h>

void* test_func(void* data)
{
  return data;
}

int main(void)
{
  pthread_t thread;
  pthread_create(&thread, NULL, test_func, NULL);
  pthread_detach(thread);
  pthread_cancel(thread);
  pthread_join(thread, NULL);
  pthread_atfork(NULL, NULL, NULL);
  pthread_exit(NULL);

  return 0;
}

Determining if the function pthread_create exists in the pthreads failed with the following output:
Change Dir: /home/eugeniyrudykh/Sharaga/tmp/spdlog_main/build/arm64-v8a/CMakeFiles/CMakeTmp

Run Build Command(s):/usr/bin/make cmTC_078aa/fast && /usr/bin/make  -f CMakeFiles/cmTC_078aa.dir/build.make CMakeFiles/cmTC_078aa.dir/build
make[1]: вход в каталог «/home/eugeniyrudykh/Sharaga/tmp/spdlog_main/build/arm64-v8a/CMakeFiles/CMakeTmp»
Building CXX object CMakeFiles/cmTC_078aa.dir/CheckFunctionExists.cxx.o
/home/eugeniyrudykh/Android/Sdk/ndk/21.4.7075529/toolchains/llvm/prebuilt/linux-x86_64/bin/clang++ --target=aarch64-none-linux-android21 --gcc-toolchain=/home/eugeniyrudykh/Android/Sdk/ndk/21.4.7075529/toolchains/llvm/prebuilt/linux-x86_64 --sysroot=/home/eugeniyrudykh/Android/Sdk/ndk/21.4.7075529/toolchains/llvm/prebuilt/linux-x86_64/sysroot   -g -DANDROID -fdata-sections -ffunction-sections -funwind-tables -fstack-protector-strong -no-canonical-prefixes -D_FORTIFY_SOURCE=2 -Wformat -Werror=format-security  -DSPDLOG_COMPILED_LIB -DCHECK_FUNCTION_EXISTS=pthread_create -fPIE -std=c++11 -o CMakeFiles/cmTC_078aa.dir/CheckFunctionExists.cxx.o -c /home/eugeniyrudykh/Sharaga/tmp/spdlog_main/build/arm64-v8a/CMakeFiles/CheckLibraryExists/CheckFunctionExists.cxx
Linking CXX executable cmTC_078aa
/home/eugeniyrudykh/Android/Sdk/cmake/3.18.1/bin/cmake -E cmake_link_script CMakeFiles/cmTC_078aa.dir/link.txt --verbose=1
/home/eugeniyrudykh/Android/Sdk/ndk/21.4.7075529/toolchains/llvm/prebuilt/linux-x86_64/bin/clang++ --target=aarch64-none-linux-android21 --gcc-toolchain=/home/eugeniyrudykh/Android/Sdk/ndk/21.4.7075529/toolchains/llvm/prebuilt/linux-x86_64 --sysroot=/home/eugeniyrudykh/Android/Sdk/ndk/21.4.7075529/toolchains/llvm/prebuilt/linux-x86_64/sysroot -g -DANDROID -fdata-sections -ffunction-sections -funwind-tables -fstack-protector-strong -no-canonical-prefixes -D_FORTIFY_SOURCE=2 -Wformat -Werror=format-security  -DSPDLOG_COMPILED_LIB -DCHECK_FUNCTION_EXISTS=pthread_create -Wl,--exclude-libs,libgcc.a -Wl,--exclude-libs,libgcc_real.a -Wl,--exclude-libs,libatomic.a -static-libstdc++ -Wl,--build-id -Wl,--fatal-warnings -Wl,--no-undefined -Qunused-arguments -Wl,--gc-sections   CMakeFiles/cmTC_078aa.dir/CheckFunctionExists.cxx.o -o cmTC_078aa  -lpthreads -latomic -lm 
/home/eugeniyrudykh/Android/Sdk/ndk/21.4.7075529/toolchains/llvm/prebuilt/linux-x86_64/lib/gcc/aarch64-linux-android/4.9.x/../../../../aarch64-linux-android/bin/ld: cannot find -lpthreads
clang++: error: linker command failed with exit code 1 (use -v to see invocation)
make[1]: *** [CMakeFiles/cmTC_078aa.dir/build.make:106: cmTC_078aa] Ошибка 1
make[1]: выход из каталога «/home/eugeniyrudykh/Sharaga/tmp/spdlog_main/build/arm64-v8a/CMakeFiles/CMakeTmp»
make: *** [Makefile:140: cmTC_078aa/fast] Ошибка 2



Determining if the function pthread_create exists in the pthread failed with the following output:
Change Dir: /home/eugeniyrudykh/Sharaga/tmp/spdlog_main/build/arm64-v8a/CMakeFiles/CMakeTmp

Run Build Command(s):/usr/bin/make cmTC_1e535/fast && /usr/bin/make  -f CMakeFiles/cmTC_1e535.dir/build.make CMakeFiles/cmTC_1e535.dir/build
make[1]: вход в каталог «/home/eugeniyrudykh/Sharaga/tmp/spdlog_main/build/arm64-v8a/CMakeFiles/CMakeTmp»
Building CXX object CMakeFiles/cmTC_1e535.dir/CheckFunctionExists.cxx.o
/home/eugeniyrudykh/Android/Sdk/ndk/21.4.7075529/toolchains/llvm/prebuilt/linux-x86_64/bin/clang++ --target=aarch64-none-linux-android21 --gcc-toolchain=/home/eugeniyrudykh/Android/Sdk/ndk/21.4.7075529/toolchains/llvm/prebuilt/linux-x86_64 --sysroot=/home/eugeniyrudykh/Android/Sdk/ndk/21.4.7075529/toolchains/llvm/prebuilt/linux-x86_64/sysroot   -g -DANDROID -fdata-sections -ffunction-sections -funwind-tables -fstack-protector-strong -no-canonical-prefixes -D_FORTIFY_SOURCE=2 -Wformat -Werror=format-security  -DSPDLOG_COMPILED_LIB -DCHECK_FUNCTION_EXISTS=pthread_create -fPIE -std=c++11 -o CMakeFiles/cmTC_1e535.dir/CheckFunctionExists.cxx.o -c /home/eugeniyrudykh/Sharaga/tmp/spdlog_main/build/arm64-v8a/CMakeFiles/CheckLibraryExists/CheckFunctionExists.cxx
Linking CXX executable cmTC_1e535
/home/eugeniyrudykh/Android/Sdk/cmake/3.18.1/bin/cmake -E cmake_link_script CMakeFiles/cmTC_1e535.dir/link.txt --verbose=1
/home/eugeniyrudykh/Android/Sdk/ndk/21.4.7075529/toolchains/llvm/prebuilt/linux-x86_64/bin/clang++ --target=aarch64-none-linux-android21 --gcc-toolchain=/home/eugeniyrudykh/Android/Sdk/ndk/21.4.7075529/toolchains/llvm/prebuilt/linux-x86_64 --sysroot=/home/eugeniyrudykh/Android/Sdk/ndk/21.4.7075529/toolchains/llvm/prebuilt/linux-x86_64/sysroot -g -DANDROID -fdata-sections -ffunction-sections -funwind-tables -fstack-protector-strong -no-canonical-prefixes -D_FORTIFY_SOURCE=2 -Wformat -Werror=format-security  -DSPDLOG_COMPILED_LIB -DCHECK_FUNCTION_EXISTS=pthread_create -Wl,--exclude-libs,libgcc.a -Wl,--exclude-libs,libgcc_real.a -Wl,--exclude-libs,libatomic.a -static-libstdc++ -Wl,--build-id -Wl,--fatal-warnings -Wl,--no-undefined -Qunused-arguments -Wl,--gc-sections   CMakeFiles/cmTC_1e535.dir/CheckFunctionExists.cxx.o -o cmTC_1e535  -lpthread -latomic -lm 
/home/eugeniyrudykh/Android/Sdk/ndk/21.4.7075529/toolchains/llvm/prebuilt/linux-x86_64/lib/gcc/aarch64-linux-android/4.9.x/../../../../aarch64-linux-android/bin/ld: cannot find -lpthread
clang++: error: linker command failed with exit code 1 (use -v to see invocation)
make[1]: *** [CMakeFiles/cmTC_1e535.dir/build.make:106: cmTC_1e535] Ошибка 1
make[1]: выход из каталога «/home/eugeniyrudykh/Sharaga/tmp/spdlog_main/build/arm64-v8a/CMakeFiles/CMakeTmp»
make: *** [Makefile:140: cmTC_1e535/fast] Ошибка 2



